<?xml version="1.0" encoding="UTF-8"?>
<!-- Generated by org.testng.reporters.JUnitXMLReporter -->
<testsuite ignored="0" hostname="Build3" failures="0" tests="4" name="Default test" time="10.328" errors="0" timestamp="2023-06-14T12:46:15 EDT">
  <testcase classname="interview.testng.practice.Class3DataProvider" name="fromHardCoreValues" time="0.255"/>
  <testcase classname="interview.testng.practice.Class3DataProvider" name="fromHardCoreValues" time="0.233"/>
  <testcase classname="interview.testng.practice.Class3DataProvider" name="fromHardCoreValues" time="0.247"/>
  <testcase classname="interview.testng.practice.Class3DataProvider" name="fromHardCoreValues" time="0.22"/>
</testsuite> <!-- Default test -->
