<?xml version="1.0" encoding="UTF-8"?>
<!-- Generated by org.testng.reporters.JUnitXMLReporter -->
<testsuite ignored="0" hostname="Build3" failures="2" tests="9" name="Test" time="0.044" errors="0" timestamp="2023-06-09T12:28:05 EDT">
  <testcase classname="interview.testng.practice.Class6RetryandTransform" name="testA" time="0.009">
    <skipped/>
  </testcase> <!-- testA -->
  <testcase classname="interview.testng.practice.Class6RetryandTransform" name="testA" time="0.001">
    <skipped/>
  </testcase> <!-- testA -->
  <testcase classname="interview.testng.practice.Class6RetryandTransform" name="testA" time="0.001">
    <skipped/>
  </testcase> <!-- testA -->
  <testcase classname="interview.testng.practice.Class6RetryandTransform" name="testA" time="0.0">
    <failure type="java.lang.AssertionError" message="expected [true] but found [false]">
      <![CDATA[java.lang.AssertionError: expected [true] but found [false]
at interview.testng.practice.Class6RetryandTransform.testA(Class6RetryandTransform.java:10)
at java.base/java.util.ArrayList.forEach(ArrayList.java:1511)
... Removed 31 stack frames]]>
    </failure>
  </testcase> <!-- testA -->
  <testcase classname="interview.testng.practice.Class6RetryandTransform" name="testB" time="0.0"/>
  <testcase classname="interview.testng.practice.Class6RetryandTransform" name="testC" time="0.001">
    <skipped/>
  </testcase> <!-- testC -->
  <testcase classname="interview.testng.practice.Class6RetryandTransform" name="testC" time="0.0">
    <skipped/>
  </testcase> <!-- testC -->
  <testcase classname="interview.testng.practice.Class6RetryandTransform" name="testC" time="0.001">
    <skipped/>
  </testcase> <!-- testC -->
  <testcase classname="interview.testng.practice.Class6RetryandTransform" name="testC" time="0.001">
    <failure type="java.lang.AssertionError" message="expected [true] but found [false]">
      <![CDATA[java.lang.AssertionError: expected [true] but found [false]
at interview.testng.practice.Class6RetryandTransform.testC(Class6RetryandTransform.java:20)
at java.base/java.util.ArrayList.forEach(ArrayList.java:1511)
... Removed 31 stack frames]]>
    </failure>
  </testcase> <!-- testC -->
</testsuite> <!-- Test -->
