<?xml version="1.0" encoding="UTF-8"?>
<!-- Generated by org.testng.reporters.JUnitXMLReporter -->
<testsuite ignored="0" hostname="Build3" failures="0" tests="4" name="Test1" time="0.041" errors="0" timestamp="2023-06-07T17:17:15 EDT">
  <testcase classname="interview.testng.practice.Class1Annotations" name="test1" time="0.003"/>
  <testcase classname="interview.testng.practice.Class1Annotations" name="test2" time="0.001"/>
  <testcase classname="interview.testng.practice.Class1Annotations" name="test3" time="0.001"/>
  <testcase classname="interview.testng.practice.Class1Annotations" name="test4" time="0.001"/>
</testsuite> <!-- Test1 -->
