<?xml version="1.0" encoding="UTF-8"?>
<testng-results ignored="0" total="4" passed="4" failed="0" skipped="0">
  <reporter-output>
  </reporter-output>
  <suite started-at="2023-06-14T12:46:05 EDT" name="Default suite" finished-at="2023-06-14T12:46:15 EDT" duration-ms="10328">
    <groups>
    </groups>
    <test started-at="2023-06-14T12:46:05 EDT" name="Default test" finished-at="2023-06-14T12:46:15 EDT" duration-ms="10328">
      <class name="interview.testng.practice.Class3DataProvider">
        <test-method is-config="true" signature="setUp()[pri:0, instance:interview.testng.practice.Class3DataProvider@1da2cb77]" started-at="2023-06-14T12:46:05 EDT" name="setUp" finished-at="2023-06-14T12:46:08 EDT" duration-ms="3102" status="PASS">
          <reporter-output>
          </reporter-output>
        </test-method> <!-- setUp -->
        <test-method signature="fromHardCoreValues(java.lang.String,java.lang.String)[pri:0, instance:interview.testng.practice.Class3DataProvider@1da2cb77]" started-at="2023-06-14T12:46:08 EDT" name="fromHardCoreValues" data-provider="searchDataProvider" finished-at="2023-06-14T12:46:08 EDT" duration-ms="255" status="PASS">
          <params>
            <param index="0">
              <value>
                <![CDATA[India]]>
              </value>
            </param>
            <param index="1">
              <value>
                <![CDATA[TajMahal]]>
              </value>
            </param>
          </params>
          <reporter-output>
          </reporter-output>
        </test-method> <!-- fromHardCoreValues -->
        <test-method is-config="true" signature="setUp()[pri:0, instance:interview.testng.practice.Class3DataProvider@1da2cb77]" started-at="2023-06-14T12:46:08 EDT" name="setUp" finished-at="2023-06-14T12:46:10 EDT" duration-ms="2186" status="PASS">
          <reporter-output>
          </reporter-output>
        </test-method> <!-- setUp -->
        <test-method signature="fromHardCoreValues(java.lang.String,java.lang.String)[pri:0, instance:interview.testng.practice.Class3DataProvider@1da2cb77]" started-at="2023-06-14T12:46:10 EDT" name="fromHardCoreValues" data-provider="searchDataProvider" finished-at="2023-06-14T12:46:11 EDT" duration-ms="233" status="PASS">
          <params>
            <param index="0">
              <value>
                <![CDATA[Egypt]]>
              </value>
            </param>
            <param index="1">
              <value>
                <![CDATA[Pyramids]]>
              </value>
            </param>
          </params>
          <reporter-output>
          </reporter-output>
        </test-method> <!-- fromHardCoreValues -->
        <test-method is-config="true" signature="setUp()[pri:0, instance:interview.testng.practice.Class3DataProvider@1da2cb77]" started-at="2023-06-14T12:46:11 EDT" name="setUp" finished-at="2023-06-14T12:46:13 EDT" duration-ms="2026" status="PASS">
          <reporter-output>
          </reporter-output>
        </test-method> <!-- setUp -->
        <test-method signature="fromHardCoreValues(java.lang.String,java.lang.String)[pri:0, instance:interview.testng.practice.Class3DataProvider@1da2cb77]" started-at="2023-06-14T12:46:13 EDT" name="fromHardCoreValues" data-provider="searchDataProvider" finished-at="2023-06-14T12:46:13 EDT" duration-ms="247" status="PASS">
          <params>
            <param index="0">
              <value>
                <![CDATA[China]]>
              </value>
            </param>
            <param index="1">
              <value>
                <![CDATA[Great Wall]]>
              </value>
            </param>
          </params>
          <reporter-output>
          </reporter-output>
        </test-method> <!-- fromHardCoreValues -->
        <test-method is-config="true" signature="setUp()[pri:0, instance:interview.testng.practice.Class3DataProvider@1da2cb77]" started-at="2023-06-14T12:46:13 EDT" name="setUp" finished-at="2023-06-14T12:46:15 EDT" duration-ms="2027" status="PASS">
          <reporter-output>
          </reporter-output>
        </test-method> <!-- setUp -->
        <test-method signature="fromHardCoreValues(java.lang.String,java.lang.String)[pri:0, instance:interview.testng.practice.Class3DataProvider@1da2cb77]" started-at="2023-06-14T12:46:15 EDT" name="fromHardCoreValues" data-provider="searchDataProvider" finished-at="2023-06-14T12:46:15 EDT" duration-ms="220" status="PASS">
          <params>
            <param index="0">
              <value>
                <![CDATA[Turkey]]>
              </value>
            </param>
            <param index="1">
              <value>
                <![CDATA[Temple of Artemis]]>
              </value>
            </param>
          </params>
          <reporter-output>
          </reporter-output>
        </test-method> <!-- fromHardCoreValues -->
      </class> <!-- interview.testng.practice.Class3DataProvider -->
    </test> <!-- Default test -->
  </suite> <!-- Default suite -->
</testng-results>
